<?xml version="1.0" encoding="UTF-8"?>
<!-- Generated by org.testng.reporters.JUnitReportReporter -->
<testsuite hostname="V3M-Dev-1" failures="0" tests="7" name="tests.billing.BillingReceiptTest" time="90.172" errors="0" timestamp="2026-03-11T17:39:15 IST" skipped="0">
  <testcase classname="tests.billing.BillingReceiptTest" name="advanceSearchByName" time="13.015"/>
  <testcase classname="tests.billing.BillingReceiptTest" name="advanceSearchByDate" time="15.003"/>
  <testcase classname="tests.billing.BillingReceiptTest" name="advanceSearchByPhone" time="12.692"/>
  <testcase classname="tests.billing.BillingReceiptTest" name="searchByPhoneNumber" time="10.770"/>
  <testcase classname="tests.billing.BillingReceiptTest" name="searchByRegistrationNumber" time="12.050"/>
  <testcase classname="tests.billing.BillingReceiptTest" name="advanceSearchByRegistration" time="13.615"/>
  <testcase classname="tests.billing.BillingReceiptTest" name="searchByPatientName" time="13.027"/>
</testsuite> <!-- tests.billing.BillingReceiptTest -->
