<?xml version="1.0" encoding="UTF-8"?>
<!-- Generated by org.testng.reporters.JUnitReportReporter -->
<testsuite hostname="V3M-Dev-1" failures="0" tests="7" name="tests.eyeExaminationSearch.EyeExaminationSearchTest" time="151.584" errors="0" timestamp="2026-03-12T17:45:35 IST" skipped="0">
  <testcase classname="tests.eyeExaminationSearch.EyeExaminationSearchTest" name="advanceSearchByDate" time="22.572"/>
  <testcase classname="tests.eyeExaminationSearch.EyeExaminationSearchTest" name="topSearchByRegistration" time="15.579"/>
  <testcase classname="tests.eyeExaminationSearch.EyeExaminationSearchTest" name="advanceSearchByName" time="19.980"/>
  <testcase classname="tests.eyeExaminationSearch.EyeExaminationSearchTest" name="advanceSearchByDateAndPhone" time="20.678"/>
  <testcase classname="tests.eyeExaminationSearch.EyeExaminationSearchTest" name="topSearchByStatus" time="36.422"/>
  <testcase classname="tests.eyeExaminationSearch.EyeExaminationSearchTest" name="topSearchByName" time="13.894"/>
  <testcase classname="tests.eyeExaminationSearch.EyeExaminationSearchTest" name="advanceSearchByRegistration" time="22.459"/>
</testsuite> <!-- tests.eyeExaminationSearch.EyeExaminationSearchTest -->
