<?xml version="1.0" encoding="UTF-8"?>
<!-- Generated by org.testng.reporters.JUnitReportReporter -->
<testsuite hostname="V3M-Dev-1" failures="0" tests="7" name="tests.billing.ServiceBillingTest" time="98.148" errors="0" timestamp="2026-03-11T14:34:35 IST" skipped="0">
  <testcase classname="tests.billing.ServiceBillingTest" name="advanceSearchByName" time="13.741"/>
  <testcase classname="tests.billing.ServiceBillingTest" name="advanceSearchByPhone" time="13.137"/>
  <testcase classname="tests.billing.ServiceBillingTest" name="searchByPhoneNumber" time="11.024"/>
  <testcase classname="tests.billing.ServiceBillingTest" name="advanceSearchByRegistration" time="15.697"/>
  <testcase classname="tests.billing.ServiceBillingTest" name="searchByPatientName" time="10.426"/>
  <testcase classname="tests.billing.ServiceBillingTest" name="advanceSearchByDate" time="21.450"/>
  <testcase classname="tests.billing.ServiceBillingTest" name="searchByRegistrationNumber" time="12.673"/>
</testsuite> <!-- tests.billing.ServiceBillingTest -->
