<?xml version="1.0" encoding="UTF-8"?>
<!-- Generated by org.testng.reporters.JUnitReportReporter -->
<testsuite hostname="V3M-Dev-1" failures="0" tests="6" name="tests.ViewPatient.ViewPatientTest" time="92.166" errors="0" timestamp="2026-03-09T15:36:52 IST" skipped="0">
  <testcase classname="tests.ViewPatient.ViewPatientTest" name="searchPatientByVillage" time="16.402"/>
  <testcase classname="tests.ViewPatient.ViewPatientTest" name="searchByRegistrationType" time="15.793"/>
  <testcase classname="tests.ViewPatient.ViewPatientTest" name="searchByRegistrationNumber" time="14.650"/>
  <testcase classname="tests.ViewPatient.ViewPatientTest" name="searchPatientByName" time="14.714"/>
  <testcase classname="tests.ViewPatient.ViewPatientTest" name="searchPatientByMobile" time="15.827"/>
  <testcase classname="tests.ViewPatient.ViewPatientTest" name="searchPatientByDateRange" time="14.780"/>
</testsuite> <!-- tests.ViewPatient.ViewPatientTest -->
