<?xml version="1.0" encoding="UTF-8"?>
<!-- Generated by org.testng.reporters.JUnitReportReporter -->
<testsuite hostname="V3M-Dev-1" failures="0" tests="6" name="tests.ViewPatient.ViewPatientTest" time="87.044" errors="0" timestamp="2026-03-09T11:57:03 IST" skipped="0">
  <testcase classname="tests.ViewPatient.ViewPatientTest" name="searchPatientByMobile" time="20.059"/>
  <testcase classname="tests.ViewPatient.ViewPatientTest" name="searchByRegistrationNumber" time="12.053"/>
  <testcase classname="tests.ViewPatient.ViewPatientTest" name="searchByRegistrationType" time="13.323"/>
  <testcase classname="tests.ViewPatient.ViewPatientTest" name="searchPatientByVillage" time="13.479"/>
  <testcase classname="tests.ViewPatient.ViewPatientTest" name="searchPatientByName" time="16.521"/>
  <testcase classname="tests.ViewPatient.ViewPatientTest" name="searchPatientByDateRange" time="11.609"/>
</testsuite> <!-- tests.ViewPatient.ViewPatientTest -->
