<?xml version="1.0" encoding="UTF-8"?>
<!-- Generated by org.testng.reporters.JUnitReportReporter -->
<testsuite hostname="V3M-Dev-1" failures="0" tests="4" name="tests.PatientReceipt.PatientReceiptTest" time="41.073" errors="0" timestamp="2026-03-09T15:25:29 IST" skipped="0">
  <testcase classname="tests.PatientReceipt.PatientReceiptTest" name="searchByRegistrationNo" time="9.612"/>
  <testcase classname="tests.PatientReceipt.PatientReceiptTest" name="searchByPhone" time="9.313"/>
  <testcase classname="tests.PatientReceipt.PatientReceiptTest" name="advanceSearchTest" time="12.674"/>
  <testcase classname="tests.PatientReceipt.PatientReceiptTest" name="searchByFirstName" time="9.474"/>
</testsuite> <!-- tests.PatientReceipt.PatientReceiptTest -->
