<?xml version="1.0" encoding="UTF-8"?>
<!-- Generated by org.testng.reporters.JUnitReportReporter -->
<testsuite hostname="V3M-Dev-1" failures="0" tests="5" name="tests.Spectacle.SpectacleBookingTest" time="67.819" errors="0" timestamp="2026-03-10T17:36:19 IST" skipped="0">
  <testcase classname="tests.Spectacle.SpectacleBookingTest" name="advanceSearchWithAllFilters" time="14.095"/>
  <testcase classname="tests.Spectacle.SpectacleBookingTest" name="searchBySpectacleStatus" time="11.919"/>
  <testcase classname="tests.Spectacle.SpectacleBookingTest" name="advanceSearchWithDateRangeOnly" time="21.535"/>
  <testcase classname="tests.Spectacle.SpectacleBookingTest" name="searchByPatientName" time="10.665"/>
  <testcase classname="tests.Spectacle.SpectacleBookingTest" name="searchByRegistrationNumber" time="9.605"/>
</testsuite> <!-- tests.Spectacle.SpectacleBookingTest -->
