<?xml version="1.0" encoding="UTF-8"?>
<!-- Generated by org.testng.reporters.JUnitXMLReporter -->
<testsuite ignored="0" hostname="V3M-Dev-1" failures="0" tests="6" name="Default test" time="92.232" errors="0" timestamp="2026-03-09T15:36:52 IST">
  <testcase classname="tests.ViewPatient.ViewPatientTest" name="searchByRegistrationNumber" time="10.922"/>
  <testcase classname="tests.ViewPatient.ViewPatientTest" name="searchByRegistrationType" time="12.546"/>
  <testcase classname="tests.ViewPatient.ViewPatientTest" name="searchPatientByDateRange" time="11.393"/>
  <testcase classname="tests.ViewPatient.ViewPatientTest" name="searchPatientByMobile" time="12.438"/>
  <testcase classname="tests.ViewPatient.ViewPatientTest" name="searchPatientByName" time="10.881"/>
  <testcase classname="tests.ViewPatient.ViewPatientTest" name="searchPatientByVillage" time="11.432"/>
</testsuite> <!-- Default test -->
