<?xml version="1.0" encoding="UTF-8"?>
<!-- Generated by org.testng.reporters.JUnitXMLReporter -->
<testsuite ignored="0" hostname="V3M-Dev-1" failures="0" tests="7" name="Default test" time="90.244" errors="0" timestamp="2026-03-11T17:39:15 IST">
  <testcase classname="tests.billing.BillingReceiptTest" name="advanceSearchByDate" time="8.193"/>
  <testcase classname="tests.billing.BillingReceiptTest" name="advanceSearchByName" time="5.551"/>
  <testcase classname="tests.billing.BillingReceiptTest" name="advanceSearchByPhone" time="5.506"/>
  <testcase classname="tests.billing.BillingReceiptTest" name="advanceSearchByRegistration" time="5.557"/>
  <testcase classname="tests.billing.BillingReceiptTest" name="searchByPatientName" time="3.296"/>
  <testcase classname="tests.billing.BillingReceiptTest" name="searchByPhoneNumber" time="3.222"/>
  <testcase classname="tests.billing.BillingReceiptTest" name="searchByRegistrationNumber" time="3.222"/>
</testsuite> <!-- Default test -->
