<?xml version="1.0" encoding="UTF-8"?>
<testng-results ignored="0" total="1" passed="1" failed="0" skipped="0">
  <reporter-output>
  </reporter-output>
  <suite started-at="2026-03-02T17:39:37 IST" name="Default suite" finished-at="2026-03-02T17:39:46 IST" duration-ms="8664">
    <groups>
    </groups>
    <test started-at="2026-03-02T17:39:37 IST" name="Default test" finished-at="2026-03-02T17:39:46 IST" duration-ms="8664">
      <class name="tests.RegistrationTest">
        <test-method is-config="true" signature="setUp()[pri:0, instance:tests.RegistrationTest@75d4a5c2]" started-at="2026-03-02T17:39:37 IST" name="setUp" finished-at="2026-03-02T17:39:41 IST" duration-ms="4118" status="PASS">
          <reporter-output>
          </reporter-output>
        </test-method> <!-- setUp -->
        <test-method signature="verifyRegistrationPageOpen()[pri:0, instance:tests.RegistrationTest@75d4a5c2]" started-at="2026-03-02T17:39:41 IST" name="verifyRegistrationPageOpen" finished-at="2026-03-02T17:39:46 IST" duration-ms="4488" status="PASS">
          <reporter-output>
          </reporter-output>
        </test-method> <!-- verifyRegistrationPageOpen -->
      </class> <!-- tests.RegistrationTest -->
    </test> <!-- Default test -->
  </suite> <!-- Default suite -->
</testng-results>
